<?xml version="1.0" encoding="UTF-8"?>
<testsuite xmlns:xsi="http://www.w3.org/2001/XMLSchema-instance" xsi:noNamespaceSchemaLocation="https://maven.apache.org/surefire/maven-surefire-plugin/xsd/surefire-test-report.xsd" name="PasswordPageTest" time="14.094" tests="1" errors="0" skipped="0" failures="0">
  <properties>
    <property name="sun.desktop" value="windows"/>
    <property name="awt.toolkit" value="sun.awt.windows.WToolkit"/>
    <property name="java.specification.version" value="11"/>
    <property name="sun.cpu.isalist" value="amd64"/>
    <property name="sun.jnu.encoding" value="Cp1251"/>
    <property name="java.class.path" value="C:\IdeaProjects\Testselenium\target\test-classes;C:\IdeaProjects\Testselenium\target\classes;D:\maven\repo\org\apache\maven\plugins\maven-compiler-plugin\3.5.1\maven-compiler-plugin-3.5.1.jar;D:\maven\repo\org\apache\maven\maven-plugin-api\3.0\maven-plugin-api-3.0.jar;D:\maven\repo\org\sonatype\sisu\sisu-inject-plexus\1.4.2\sisu-inject-plexus-1.4.2.jar;D:\maven\repo\org\sonatype\sisu\sisu-inject-bean\1.4.2\sisu-inject-bean-1.4.2.jar;D:\maven\repo\org\sonatype\sisu\sisu-guice\2.1.7\sisu-guice-2.1.7-noaop.jar;D:\maven\repo\org\apache\maven\maven-artifact\3.0\maven-artifact-3.0.jar;D:\maven\repo\org\apache\maven\maven-core\3.0\maven-core-3.0.jar;D:\maven\repo\org\apache\maven\maven-settings-builder\3.0\maven-settings-builder-3.0.jar;D:\maven\repo\org\apache\maven\maven-repository-metadata\3.0\maven-repository-metadata-3.0.jar;D:\maven\repo\org\apache\maven\maven-model-builder\3.0\maven-model-builder-3.0.jar;D:\maven\repo\org\apache\maven\maven-aether-provider\3.0\maven-aether-provider-3.0.jar;D:\maven\repo\org\sonatype\aether\aether-impl\1.7\aether-impl-1.7.jar;D:\maven\repo\org\sonatype\aether\aether-spi\1.7\aether-spi-1.7.jar;D:\maven\repo\org\sonatype\aether\aether-api\1.7\aether-api-1.7.jar;D:\maven\repo\org\sonatype\aether\aether-util\1.7\aether-util-1.7.jar;D:\maven\repo\org\codehaus\plexus\plexus-interpolation\1.14\plexus-interpolation-1.14.jar;D:\maven\repo\org\codehaus\plexus\plexus-classworlds\2.2.3\plexus-classworlds-2.2.3.jar;D:\maven\repo\org\codehaus\plexus\plexus-component-annotations\1.5.5\plexus-component-annotations-1.5.5.jar;D:\maven\repo\org\sonatype\plexus\plexus-sec-dispatcher\1.3\plexus-sec-dispatcher-1.3.jar;D:\maven\repo\org\sonatype\plexus\plexus-cipher\1.4\plexus-cipher-1.4.jar;D:\maven\repo\org\apache\maven\maven-toolchain\2.2.1\maven-toolchain-2.2.1.jar;D:\maven\repo\org\apache\maven\shared\maven-shared-utils\3.0.0\maven-shared-utils-3.0.0.jar;D:\maven\repo\commons-io\commons-io\2.4\commons-io-2.4.jar;D:\maven\repo\com\google\code\findbugs\jsr305\2.0.1\jsr305-2.0.1.jar;D:\maven\repo\org\apache\maven\shared\maven-shared-incremental\1.1\maven-shared-incremental-1.1.jar;D:\maven\repo\org\codehaus\plexus\plexus-compiler-api\2.7\plexus-compiler-api-2.7.jar;D:\maven\repo\org\codehaus\plexus\plexus-compiler-manager\2.7\plexus-compiler-manager-2.7.jar;D:\maven\repo\org\codehaus\plexus\plexus-compiler-javac\2.7\plexus-compiler-javac-2.7.jar;D:\maven\repo\io\qameta\allure\allure-junit4\2.13.1\allure-junit4-2.13.1.jar;D:\maven\repo\io\qameta\allure\allure-java-commons\2.13.1\allure-java-commons-2.13.1.jar;D:\maven\repo\io\qameta\allure\allure-model\2.13.1\allure-model-2.13.1.jar;D:\maven\repo\com\fasterxml\jackson\core\jackson-databind\2.9.8\jackson-databind-2.9.8.jar;D:\maven\repo\com\fasterxml\jackson\core\jackson-annotations\2.9.0\jackson-annotations-2.9.0.jar;D:\maven\repo\com\fasterxml\jackson\core\jackson-core\2.9.8\jackson-core-2.9.8.jar;D:\maven\repo\org\apache\tika\tika-core\1.20\tika-core-1.20.jar;D:\maven\repo\org\jooq\joor-java-8\0.9.10\joor-java-8-0.9.10.jar;D:\maven\repo\junit\junit\4.12\junit-4.12.jar;D:\maven\repo\org\hamcrest\hamcrest-core\1.3\hamcrest-core-1.3.jar;D:\maven\repo\org\seleniumhq\selenium\selenium-java\3.141.59\selenium-java-3.141.59.jar;D:\maven\repo\org\seleniumhq\selenium\selenium-api\3.141.59\selenium-api-3.141.59.jar;D:\maven\repo\org\seleniumhq\selenium\selenium-chrome-driver\3.141.59\selenium-chrome-driver-3.141.59.jar;D:\maven\repo\org\seleniumhq\selenium\selenium-edge-driver\3.141.59\selenium-edge-driver-3.141.59.jar;D:\maven\repo\org\seleniumhq\selenium\selenium-firefox-driver\3.141.59\selenium-firefox-driver-3.141.59.jar;D:\maven\repo\org\seleniumhq\selenium\selenium-ie-driver\3.141.59\selenium-ie-driver-3.141.59.jar;D:\maven\repo\org\seleniumhq\selenium\selenium-opera-driver\3.141.59\selenium-opera-driver-3.141.59.jar;D:\maven\repo\org\seleniumhq\selenium\selenium-remote-driver\3.141.59\selenium-remote-driver-3.141.59.jar;D:\maven\repo\org\seleniumhq\selenium\selenium-safari-driver\3.141.59\selenium-safari-driver-3.141.59.jar;D:\maven\repo\org\seleniumhq\selenium\selenium-support\3.141.59\selenium-support-3.141.59.jar;D:\maven\repo\net\bytebuddy\byte-buddy\1.8.15\byte-buddy-1.8.15.jar;D:\maven\repo\org\apache\commons\commons-exec\1.3\commons-exec-1.3.jar;D:\maven\repo\com\google\guava\guava\25.0-jre\guava-25.0-jre.jar;D:\maven\repo\org\checkerframework\checker-compat-qual\2.0.0\checker-compat-qual-2.0.0.jar;D:\maven\repo\com\google\errorprone\error_prone_annotations\2.1.3\error_prone_annotations-2.1.3.jar;D:\maven\repo\com\google\j2objc\j2objc-annotations\1.1\j2objc-annotations-1.1.jar;D:\maven\repo\org\codehaus\mojo\animal-sniffer-annotations\1.14\animal-sniffer-annotations-1.14.jar;D:\maven\repo\com\squareup\okhttp3\okhttp\3.11.0\okhttp-3.11.0.jar;D:\maven\repo\com\squareup\okio\okio\1.14.0\okio-1.14.0.jar;D:\maven\repo\org\apache\maven\plugins\maven-help-plugin\3.2.0\maven-help-plugin-3.2.0.jar;D:\maven\repo\org\apache\maven\maven-model\3.6.1\maven-model-3.6.1.jar;D:\maven\repo\org\apache\maven\maven-settings\3.0\maven-settings-3.0.jar;D:\maven\repo\org\apache\maven\plugin-tools\maven-plugin-tools-generators\3.5.2\maven-plugin-tools-generators-3.5.2.jar;D:\maven\repo\org\apache\maven\plugin-tools\maven-plugin-tools-api\3.5.2\maven-plugin-tools-api-3.5.2.jar;D:\maven\repo\org\codehaus\plexus\plexus-velocity\1.1.8\plexus-velocity-1.1.8.jar;D:\maven\repo\org\codehaus\plexus\plexus-container-default\1.0-alpha-9-stable-1\plexus-container-default-1.0-alpha-9-stable-1.jar;D:\maven\repo\classworlds\classworlds\1.1-alpha-2\classworlds-1.1-alpha-2.jar;D:\maven\repo\commons-collections\commons-collections\3.1\commons-collections-3.1.jar;D:\maven\repo\org\apache\velocity\velocity\1.7\velocity-1.7.jar;D:\maven\repo\commons-lang\commons-lang\2.4\commons-lang-2.4.jar;D:\maven\repo\net\sf\jtidy\jtidy\r938\jtidy-r938.jar;D:\maven\repo\org\apache\maven\shared\maven-artifact-transfer\0.10.0\maven-artifact-transfer-0.10.0.jar;D:\maven\repo\org\apache\maven\shared\maven-common-artifact-filters\3.0.1\maven-common-artifact-filters-3.0.1.jar;D:\maven\repo\commons-codec\commons-codec\1.11\commons-codec-1.11.jar;D:\maven\repo\org\apache\maven\reporting\maven-reporting-api\3.0\maven-reporting-api-3.0.jar;D:\maven\repo\org\apache\maven\doxia\doxia-sink-api\1.0\doxia-sink-api-1.0.jar;D:\maven\repo\org\apache\maven\reporting\maven-reporting-exec\1.4\maven-reporting-exec-1.4.jar;D:\maven\repo\org\eclipse\aether\aether-util\0.9.0.M2\aether-util-0.9.0.M2.jar;D:\maven\repo\org\codehaus\plexus\plexus-interactivity-api\1.0-alpha-6\plexus-interactivity-api-1.0-alpha-6.jar;D:\maven\repo\org\codehaus\plexus\plexus-utils\3.2.0\plexus-utils-3.2.0.jar;D:\maven\repo\org\jdom\jdom2\2.0.6\jdom2-2.0.6.jar;D:\maven\repo\com\thoughtworks\xstream\xstream\1.4.11.1\xstream-1.4.11.1.jar;D:\maven\repo\xmlpull\xmlpull\1.1.3.1\xmlpull-1.1.3.1.jar;D:\maven\repo\xpp3\xpp3_min\1.1.4c\xpp3_min-1.1.4c.jar;D:\maven\repo\org\apache\commons\commons-lang3\3.7\commons-lang3-3.7.jar;D:\maven\repo\org\slf4j\slf4j-simple\1.7.25\slf4j-simple-1.7.25.jar;D:\maven\repo\org\slf4j\slf4j-api\1.7.25\slf4j-api-1.7.25.jar;"/>
    <property name="java.vm.vendor" value="Oracle Corporation"/>
    <property name="sun.arch.data.model" value="64"/>
    <property name="user.variant" value=""/>
    <property name="java.vendor.url" value="http://java.oracle.com/"/>
    <property name="user.timezone" value="Europe/Samara"/>
    <property name="java.vm.specification.version" value="11"/>
    <property name="os.name" value="Windows 10"/>
    <property name="sun.java.launcher" value="SUN_STANDARD"/>
    <property name="user.country" value="RU"/>
    <property name="sun.boot.library.path" value="C:\Program Files\Java\jdk-11.0.6\bin"/>
    <property name="sun.java.command" value="C:\Users\DD69~1\AppData\Local\Temp\surefire17099300844811167645\surefirebooter8145435928783070921.jar C:\Users\Ð”\AppData\Local\Temp\surefire17099300844811167645 2020-02-06T21-43-07_068-jvmRun1 surefire5122531151822492291tmp surefire_013306625456498139770tmp"/>
    <property name="jdk.debug" value="release"/>
    <property name="surefire.test.class.path" value="C:\IdeaProjects\Testselenium\target\test-classes;C:\IdeaProjects\Testselenium\target\classes;D:\maven\repo\org\apache\maven\plugins\maven-compiler-plugin\3.5.1\maven-compiler-plugin-3.5.1.jar;D:\maven\repo\org\apache\maven\maven-plugin-api\3.0\maven-plugin-api-3.0.jar;D:\maven\repo\org\sonatype\sisu\sisu-inject-plexus\1.4.2\sisu-inject-plexus-1.4.2.jar;D:\maven\repo\org\sonatype\sisu\sisu-inject-bean\1.4.2\sisu-inject-bean-1.4.2.jar;D:\maven\repo\org\sonatype\sisu\sisu-guice\2.1.7\sisu-guice-2.1.7-noaop.jar;D:\maven\repo\org\apache\maven\maven-artifact\3.0\maven-artifact-3.0.jar;D:\maven\repo\org\apache\maven\maven-core\3.0\maven-core-3.0.jar;D:\maven\repo\org\apache\maven\maven-settings-builder\3.0\maven-settings-builder-3.0.jar;D:\maven\repo\org\apache\maven\maven-repository-metadata\3.0\maven-repository-metadata-3.0.jar;D:\maven\repo\org\apache\maven\maven-model-builder\3.0\maven-model-builder-3.0.jar;D:\maven\repo\org\apache\maven\maven-aether-provider\3.0\maven-aether-provider-3.0.jar;D:\maven\repo\org\sonatype\aether\aether-impl\1.7\aether-impl-1.7.jar;D:\maven\repo\org\sonatype\aether\aether-spi\1.7\aether-spi-1.7.jar;D:\maven\repo\org\sonatype\aether\aether-api\1.7\aether-api-1.7.jar;D:\maven\repo\org\sonatype\aether\aether-util\1.7\aether-util-1.7.jar;D:\maven\repo\org\codehaus\plexus\plexus-interpolation\1.14\plexus-interpolation-1.14.jar;D:\maven\repo\org\codehaus\plexus\plexus-classworlds\2.2.3\plexus-classworlds-2.2.3.jar;D:\maven\repo\org\codehaus\plexus\plexus-component-annotations\1.5.5\plexus-component-annotations-1.5.5.jar;D:\maven\repo\org\sonatype\plexus\plexus-sec-dispatcher\1.3\plexus-sec-dispatcher-1.3.jar;D:\maven\repo\org\sonatype\plexus\plexus-cipher\1.4\plexus-cipher-1.4.jar;D:\maven\repo\org\apache\maven\maven-toolchain\2.2.1\maven-toolchain-2.2.1.jar;D:\maven\repo\org\apache\maven\shared\maven-shared-utils\3.0.0\maven-shared-utils-3.0.0.jar;D:\maven\repo\commons-io\commons-io\2.4\commons-io-2.4.jar;D:\maven\repo\com\google\code\findbugs\jsr305\2.0.1\jsr305-2.0.1.jar;D:\maven\repo\org\apache\maven\shared\maven-shared-incremental\1.1\maven-shared-incremental-1.1.jar;D:\maven\repo\org\codehaus\plexus\plexus-compiler-api\2.7\plexus-compiler-api-2.7.jar;D:\maven\repo\org\codehaus\plexus\plexus-compiler-manager\2.7\plexus-compiler-manager-2.7.jar;D:\maven\repo\org\codehaus\plexus\plexus-compiler-javac\2.7\plexus-compiler-javac-2.7.jar;D:\maven\repo\io\qameta\allure\allure-junit4\2.13.1\allure-junit4-2.13.1.jar;D:\maven\repo\io\qameta\allure\allure-java-commons\2.13.1\allure-java-commons-2.13.1.jar;D:\maven\repo\io\qameta\allure\allure-model\2.13.1\allure-model-2.13.1.jar;D:\maven\repo\com\fasterxml\jackson\core\jackson-databind\2.9.8\jackson-databind-2.9.8.jar;D:\maven\repo\com\fasterxml\jackson\core\jackson-annotations\2.9.0\jackson-annotations-2.9.0.jar;D:\maven\repo\com\fasterxml\jackson\core\jackson-core\2.9.8\jackson-core-2.9.8.jar;D:\maven\repo\org\apache\tika\tika-core\1.20\tika-core-1.20.jar;D:\maven\repo\org\jooq\joor-java-8\0.9.10\joor-java-8-0.9.10.jar;D:\maven\repo\junit\junit\4.12\junit-4.12.jar;D:\maven\repo\org\hamcrest\hamcrest-core\1.3\hamcrest-core-1.3.jar;D:\maven\repo\org\seleniumhq\selenium\selenium-java\3.141.59\selenium-java-3.141.59.jar;D:\maven\repo\org\seleniumhq\selenium\selenium-api\3.141.59\selenium-api-3.141.59.jar;D:\maven\repo\org\seleniumhq\selenium\selenium-chrome-driver\3.141.59\selenium-chrome-driver-3.141.59.jar;D:\maven\repo\org\seleniumhq\selenium\selenium-edge-driver\3.141.59\selenium-edge-driver-3.141.59.jar;D:\maven\repo\org\seleniumhq\selenium\selenium-firefox-driver\3.141.59\selenium-firefox-driver-3.141.59.jar;D:\maven\repo\org\seleniumhq\selenium\selenium-ie-driver\3.141.59\selenium-ie-driver-3.141.59.jar;D:\maven\repo\org\seleniumhq\selenium\selenium-opera-driver\3.141.59\selenium-opera-driver-3.141.59.jar;D:\maven\repo\org\seleniumhq\selenium\selenium-remote-driver\3.141.59\selenium-remote-driver-3.141.59.jar;D:\maven\repo\org\seleniumhq\selenium\selenium-safari-driver\3.141.59\selenium-safari-driver-3.141.59.jar;D:\maven\repo\org\seleniumhq\selenium\selenium-support\3.141.59\selenium-support-3.141.59.jar;D:\maven\repo\net\bytebuddy\byte-buddy\1.8.15\byte-buddy-1.8.15.jar;D:\maven\repo\org\apache\commons\commons-exec\1.3\commons-exec-1.3.jar;D:\maven\repo\com\google\guava\guava\25.0-jre\guava-25.0-jre.jar;D:\maven\repo\org\checkerframework\checker-compat-qual\2.0.0\checker-compat-qual-2.0.0.jar;D:\maven\repo\com\google\errorprone\error_prone_annotations\2.1.3\error_prone_annotations-2.1.3.jar;D:\maven\repo\com\google\j2objc\j2objc-annotations\1.1\j2objc-annotations-1.1.jar;D:\maven\repo\org\codehaus\mojo\animal-sniffer-annotations\1.14\animal-sniffer-annotations-1.14.jar;D:\maven\repo\com\squareup\okhttp3\okhttp\3.11.0\okhttp-3.11.0.jar;D:\maven\repo\com\squareup\okio\okio\1.14.0\okio-1.14.0.jar;D:\maven\repo\org\apache\maven\plugins\maven-help-plugin\3.2.0\maven-help-plugin-3.2.0.jar;D:\maven\repo\org\apache\maven\maven-model\3.6.1\maven-model-3.6.1.jar;D:\maven\repo\org\apache\maven\maven-settings\3.0\maven-settings-3.0.jar;D:\maven\repo\org\apache\maven\plugin-tools\maven-plugin-tools-generators\3.5.2\maven-plugin-tools-generators-3.5.2.jar;D:\maven\repo\org\apache\maven\plugin-tools\maven-plugin-tools-api\3.5.2\maven-plugin-tools-api-3.5.2.jar;D:\maven\repo\org\codehaus\plexus\plexus-velocity\1.1.8\plexus-velocity-1.1.8.jar;D:\maven\repo\org\codehaus\plexus\plexus-container-default\1.0-alpha-9-stable-1\plexus-container-default-1.0-alpha-9-stable-1.jar;D:\maven\repo\classworlds\classworlds\1.1-alpha-2\classworlds-1.1-alpha-2.jar;D:\maven\repo\commons-collections\commons-collections\3.1\commons-collections-3.1.jar;D:\maven\repo\org\apache\velocity\velocity\1.7\velocity-1.7.jar;D:\maven\repo\commons-lang\commons-lang\2.4\commons-lang-2.4.jar;D:\maven\repo\net\sf\jtidy\jtidy\r938\jtidy-r938.jar;D:\maven\repo\org\apache\maven\shared\maven-artifact-transfer\0.10.0\maven-artifact-transfer-0.10.0.jar;D:\maven\repo\org\apache\maven\shared\maven-common-artifact-filters\3.0.1\maven-common-artifact-filters-3.0.1.jar;D:\maven\repo\commons-codec\commons-codec\1.11\commons-codec-1.11.jar;D:\maven\repo\org\apache\maven\reporting\maven-reporting-api\3.0\maven-reporting-api-3.0.jar;D:\maven\repo\org\apache\maven\doxia\doxia-sink-api\1.0\doxia-sink-api-1.0.jar;D:\maven\repo\org\apache\maven\reporting\maven-reporting-exec\1.4\maven-reporting-exec-1.4.jar;D:\maven\repo\org\eclipse\aether\aether-util\0.9.0.M2\aether-util-0.9.0.M2.jar;D:\maven\repo\org\codehaus\plexus\plexus-interactivity-api\1.0-alpha-6\plexus-interactivity-api-1.0-alpha-6.jar;D:\maven\repo\org\codehaus\plexus\plexus-utils\3.2.0\plexus-utils-3.2.0.jar;D:\maven\repo\org\jdom\jdom2\2.0.6\jdom2-2.0.6.jar;D:\maven\repo\com\thoughtworks\xstream\xstream\1.4.11.1\xstream-1.4.11.1.jar;D:\maven\repo\xmlpull\xmlpull\1.1.3.1\xmlpull-1.1.3.1.jar;D:\maven\repo\xpp3\xpp3_min\1.1.4c\xpp3_min-1.1.4c.jar;D:\maven\repo\org\apache\commons\commons-lang3\3.7\commons-lang3-3.7.jar;D:\maven\repo\org\slf4j\slf4j-simple\1.7.25\slf4j-simple-1.7.25.jar;D:\maven\repo\org\slf4j\slf4j-api\1.7.25\slf4j-api-1.7.25.jar;"/>
    <property name="allure.results.directory" value="C:\IdeaProjects\Testselenium\allure-results"/>
    <property name="sun.cpu.endian" value="little"/>
    <property name="user.home" value="C:\Users\Ð”"/>
    <property name="user.language" value="ru"/>
    <property name="java.specification.vendor" value="Oracle Corporation"/>
    <property name="java.version.date" value="2020-01-14"/>
    <property name="java.home" value="C:\Program Files\Java\jdk-11.0.6"/>
    <property name="file.separator" value="\"/>
    <property name="basedir" value="C:\IdeaProjects\Testselenium"/>
    <property name="java.vm.compressedOopsMode" value="Zero based"/>
    <property name="line.separator" value="&#10;"/>
    <property name="java.specification.name" value="Java Platform API Specification"/>
    <property name="java.vm.specification.vendor" value="Oracle Corporation"/>
    <property name="java.awt.graphicsenv" value="sun.awt.Win32GraphicsEnvironment"/>
    <property name="surefire.real.class.path" value="C:\Users\DD69~1\AppData\Local\Temp\surefire17099300844811167645\surefirebooter8145435928783070921.jar"/>
    <property name="user.script" value=""/>
    <property name="sun.management.compiler" value="HotSpot 64-Bit Tiered Compilers"/>
    <property name="java.runtime.version" value="11.0.6+8-LTS"/>
    <property name="user.name" value="Ð”"/>
    <property name="path.separator" value=";"/>
    <property name="os.version" value="10.0"/>
    <property name="java.runtime.name" value="Java(TM) SE Runtime Environment"/>
    <property name="file.encoding" value="Cp1251"/>
    <property name="java.vm.name" value="Java HotSpot(TM) 64-Bit Server VM"/>
    <property name="java.vendor.version" value="18.9"/>
    <property name="localRepository" value="D:\maven\repo"/>
    <property name="java.vendor.url.bug" value="http://bugreport.java.com/bugreport/"/>
    <property name="java.io.tmpdir" value="C:\Users\DD69~1\AppData\Local\Temp\"/>
    <property name="java.version" value="11.0.6"/>
    <property name="user.dir" value="C:\IdeaProjects\Testselenium"/>
    <property name="os.arch" value="amd64"/>
    <property name="java.vm.specification.name" value="Java Virtual Machine Specification"/>
    <property name="java.awt.printerjob" value="sun.awt.windows.WPrinterJob"/>
    <property name="sun.os.patch.level" value=""/>
    <property name="java.library.path" value="C:\Program Files\Java\jdk-11.0.6\bin;C:\WINDOWS\Sun\Java\bin;C:\WINDOWS\system32;C:\WINDOWS;C:\Program Files (x86)\Common Files\Oracle\Java\javapath;C:\Python27\;C:\Python27\Scripts;C:\ProgramData\Oracle\Java\javapath;C:\WINDOWS\system32;C:\WINDOWS;C:\WINDOWS\System32\Wbem;C:\WINDOWS\System32\WindowsPowerShell\v1.0\;C:\Program Files\Microsoft SQL Server\110\Tools\Binn\;C:\Program Files (x86)\Microsoft SDKs\TypeScript\1.0\;C:\Program Files\Microsoft SQL Server\120\Tools\Binn\;C:\Program Files (x86)\NVIDIA Corporation\PhysX\Common;C:\Program Files (x86)\QuickTime\QTSystem\;C:\WINDOWS\System32\OpenSSH\;C:\Program Files\Microsoft SQL Server\130\Tools\Binn\;C:\WINDOWS\system32;C:\WINDOWS;C:\WINDOWS\System32\Wbem;C:\WINDOWS\System32\WindowsPowerShell\v1.0\;C:\WINDOWS\System32\OpenSSH\;C:\Program Files\NVIDIA Corporation\NVIDIA NvDLISR;C:\Program Files (x86)\Microsoft SQL Server\100\Tools\Binn\;C:\Program Files\Microsoft SQL Server\100\Tools\Binn\;C:\Program Files\Microsoft SQL Server\100\DTS\Binn\;C:\Program Files (x86)\Microsoft SQL Server\110\Tools\Binn\ManagementStudio\;C:\Program Files (x86)\Microsoft SQL Server\110\Tools\Binn\;C:\Program Files (x86)\Microsoft SQL Server\110\DTS\Binn\;C:\Program Files\dotnet\;C:\Program Files\Git\cmd;C:\Program Files\nodejs\;C:\ProgramData\chocolatey\bin;C:\Program Files\Microsoft SQL Server\Client SDK\ODBC\170\Tools\Binn\;C:\Program Files\Java\jdk-11.0.6\bin;C:\Program Files\apache-maven-3.6.3\bin;C:\Users\Ð”\AppData\Local\Programs\Python\Python37-32\Scripts\;C:\Users\Ð”\AppData\Local\Programs\Python\Python37-32\;C:\Users\Ð”\AppData\Local\Microsoft\WindowsApps;C:\Users\Ð”\AppData\Local\GitHubDesktop\bin;C:\Users\Ð”\AppData\Local\Microsoft\WindowsApps;C:\Users\Ð”\AppData\Local\Programs\Microsoft VS Code\bin;C:\Users\Ð”\AppData\Roaming\npm;C:\Program Files\JetBrains\IntelliJ IDEA Community Edition 2019.3.2\bin;."/>
    <property name="java.vendor" value="Oracle Corporation"/>
    <property name="java.vm.info" value="mixed mode"/>
    <property name="java.vm.version" value="11.0.6+8-LTS"/>
    <property name="sun.io.unicode.encoding" value="UnicodeLittle"/>
    <property name="java.class.version" value="55.0"/>
  </properties>
  <testcase name="nextClickToForm" classname="PasswordPageTest" time="14.089"/>
</testsuite>